{"/Users/carloscary/Documents/UCB-I-2019/Arqui Soft/FizzBuzz_sin_RF-JS6/fizzbuzz.js":{"path":"/Users/carloscary/Documents/UCB-I-2019/Arqui Soft/FizzBuzz_sin_RF-JS6/fizzbuzz.js","s":{"1":1,"2":7,"3":7,"4":4,"5":4,"6":2,"7":3,"8":1,"9":2,"10":7},"b":{"1":[4,3],"2":[2,2],"3":[1,2]},"f":{"1":7},"fnMap":{"1":{"name":"(anonymous_1)","line":1,"loc":{"start":{"line":1,"column":17},"end":{"line":1,"column":34}}}},"statementMap":{"1":{"start":{"line":1,"column":0},"end":{"line":17,"column":1}},"2":{"start":{"line":2,"column":2},"end":{"line":2,"column":13}},"3":{"start":{"line":3,"column":2},"end":{"line":15,"column":3}},"4":{"start":{"line":5,"column":4},"end":{"line":5,"column":20}},"5":{"start":{"line":6,"column":4},"end":{"line":8,"column":5}},"6":{"start":{"line":7,"column":6},"end":{"line":7,"column":31}},"7":{"start":{"line":11,"column":4},"end":{"line":14,"column":22}},"8":{"start":{"line":12,"column":6},"end":{"line":12,"column":22}},"9":{"start":{"line":14,"column":6},"end":{"line":14,"column":22}},"10":{"start":{"line":16,"column":2},"end":{"line":16,"column":16}}},"branchMap":{"1":{"line":3,"type":"if","locations":[{"start":{"line":3,"column":2},"end":{"line":3,"column":2}},{"start":{"line":3,"column":2},"end":{"line":3,"column":2}}]},"2":{"line":6,"type":"if","locations":[{"start":{"line":6,"column":4},"end":{"line":6,"column":4}},{"start":{"line":6,"column":4},"end":{"line":6,"column":4}}]},"3":{"line":11,"type":"if","locations":[{"start":{"line":11,"column":4},"end":{"line":11,"column":4}},{"start":{"line":11,"column":4},"end":{"line":11,"column":4}}]}}}}