{"/Users/carloscary/Downloads/FizzBuzz_sin_RF-JS6/fizzbuzz.js":{"path":"/Users/carloscary/Downloads/FizzBuzz_sin_RF-JS6/fizzbuzz.js","s":{"1":1,"2":1,"3":0,"4":1,"5":1,"6":0,"7":0,"8":0},"b":{"1":[0,1],"2":[1,1],"3":[1,0],"4":[0,0]},"f":{"1":1},"fnMap":{"1":{"name":"(anonymous_1)","line":1,"loc":{"start":{"line":1,"column":17},"end":{"line":1,"column":34}}}},"statementMap":{"1":{"start":{"line":1,"column":0},"end":{"line":18,"column":1}},"2":{"start":{"line":2,"column":2},"end":{"line":17,"column":22}},"3":{"start":{"line":4,"column":4},"end":{"line":4,"column":22}},"4":{"start":{"line":7,"column":4},"end":{"line":17,"column":22}},"5":{"start":{"line":9,"column":6},"end":{"line":9,"column":20}},"6":{"start":{"line":12,"column":6},"end":{"line":17,"column":22}},"7":{"start":{"line":14,"column":8},"end":{"line":14,"column":22}},"8":{"start":{"line":17,"column":8},"end":{"line":17,"column":22}}},"branchMap":{"1":{"line":2,"type":"if","locations":[{"start":{"line":2,"column":2},"end":{"line":2,"column":2}},{"start":{"line":2,"column":2},"end":{"line":2,"column":2}}]},"2":{"line":2,"type":"binary-expr","locations":[{"start":{"line":2,"column":6},"end":{"line":2,"column":22}},{"start":{"line":2,"column":26},"end":{"line":2,"column":42}}]},"3":{"line":7,"type":"if","locations":[{"start":{"line":7,"column":4},"end":{"line":7,"column":4}},{"start":{"line":7,"column":4},"end":{"line":7,"column":4}}]},"4":{"line":12,"type":"if","locations":[{"start":{"line":12,"column":6},"end":{"line":12,"column":6}},{"start":{"line":12,"column":6},"end":{"line":12,"column":6}}]}}}}